<?xml version="1.0" encoding="UTF-8"?>
<testsuite xmlns:xsi="http://www.w3.org/2001/XMLSchema-instance" xsi:noNamespaceSchemaLocation="https://maven.apache.org/surefire/maven-surefire-plugin/xsd/surefire-test-report.xsd" version="3.0.2" name="com.wip.myapp.MyappApplicationTests" time="3.799" tests="1" errors="0" skipped="0" failures="0">
  <properties>
[...]
</properties>
  <testcase name="contextLoads" classname="com.wip.myapp.MyappApplicationTests" time="0.927">
    <system-out><![CDATA[14:31:03.984 [main] INFO org.springframework.test.context.support.AnnotationConfigContextLoaderUtils -- Could not detect default configuration classes for test class [com.wip.myapp.MyappApplicationTests]: MyappApplicationTests does not declare any static, non-private, non-final, nested classes annotated with @Configuration.
14:31:04.112 [main] INFO org.springframework.boot.test.context.SpringBootTestContextBootstrapper -- Found @SpringBootConfiguration com.wip.myapp.MyappApplication for test class com.wip.myapp.MyappApplicationTests
14:31:04.370 [main] INFO org.springframework.boot.devtools.restart.RestartApplicationListener -- Restart disabled due to context in which it is running

  .   ____          _            __ _ _
 /\\ / ___'_ __ _ _(_)_ __  __ _ \ \ \ \
( ( )\___ | '_ | '_| | '_ \/ _` | \ \ \ \
 \\/  ___)| |_)| | | | | || (_| |  ) ) ) )
  '  |____| .__|_| |_|_| |_\__, | / / / /
 =========|_|==============|___/=/_/_/_/

 :: Spring Boot ::                (v4.0.2)

2026-02-02T14:31:04.777+05:30  INFO 9372 --- [myapp] [           main] com.wip.myapp.MyappApplicationTests      : Starting MyappApplicationTests using Java 17.0.6 with PID 9372 (started by Admin in D:\Jan-Devops\myapp)
2026-02-02T14:31:04.782+05:30  INFO 9372 --- [myapp] [           main] com.wip.myapp.MyappApplicationTests      : No active profile set, falling back to 1 default profile: "default"
2026-02-02T14:31:06.495+05:30  INFO 9372 --- [myapp] [           main] com.wip.myapp.MyappApplicationTests      : Started MyappApplicationTests in 2.151 seconds (process running for 3.855)
]]></system-out>
  </testcase>
</testsuite>